<?xml version="1.0" encoding="UTF-8"?>
<!-- Generated by org.testng.reporters.JUnitReportReporter -->
<testsuite hostname="ARPGL006256" failures="0" tests="3" name="functionaltesting.AdminLogin" time="3.388" errors="0" timestamp="2021-09-16T11:09:38 IST" skipped="0">
  <testcase classname="functionaltesting.AdminLogin" name="validLoginTest" time="1.601"/>
  <system-out/>
  <testcase classname="functionaltesting.AdminLogin" name="adminLogoutTest" time="1.412"/>
  <system-out/>
  <testcase classname="functionaltesting.AdminLogin" name="invalidLoginTest" time="0.375"/>
  <system-out/>
</testsuite> <!-- functionaltesting.AdminLogin -->
